<?xml version="1.0" encoding="UTF-8"?>
<testsuite xmlns:xsi="http://www.w3.org/2001/XMLSchema-instance" xsi:noNamespaceSchemaLocation="https://maven.apache.org/surefire/maven-surefire-plugin/xsd/surefire-test-report-3.0.xsd" version="3.0" name="com.standardBank.auth.SbaAuthApp.SbaAuthAppApplicationTests" time="8.72" tests="1" errors="0" skipped="0" failures="0">
  <properties>
[...]
</properties>
  <testcase name="contextLoads" classname="com.standardBank.auth.SbaAuthApp.SbaAuthAppApplicationTests" time="1.712">
    <system-out><![CDATA[12:49:39.804 [main] INFO org.springframework.test.context.support.AnnotationConfigContextLoaderUtils -- Could not detect default configuration classes for test class [com.standardBank.auth.SbaAuthApp.SbaAuthAppApplicationTests]: SbaAuthAppApplicationTests does not declare any static, non-private, non-final, nested classes annotated with @Configuration.
12:49:40.107 [main] INFO org.springframework.boot.test.context.SpringBootTestContextBootstrapper -- Found @SpringBootConfiguration com.standardBank.auth.SbaAuthApp.SbaAuthAppApplication for test class com.standardBank.auth.SbaAuthApp.SbaAuthAppApplicationTests

  .   ____          _            __ _ _
 /\\ / ___'_ __ _ _(_)_ __  __ _ \ \ \ \
( ( )\___ | '_ | '_| | '_ \/ _` | \ \ \ \
 \\/  ___)| |_)| | | | | || (_| |  ) ) ) )
  '  |____| .__|_| |_|_| |_\__, | / / / /
 =========|_|==============|___/=/_/_/_/
 :: Spring Boot ::                (v3.2.5)

2024-05-21T12:49:41.093Z  INFO 46786 --- [SbaAuthApp] [           main] c.s.a.S.SbaAuthAppApplicationTests       : Starting SbaAuthAppApplicationTests using Java 17.0.11 with PID 46786 (started by ec2-user in /home/ec2-user/environment/SBA-Auth-App)
2024-05-21T12:49:41.099Z  INFO 46786 --- [SbaAuthApp] [           main] c.s.a.S.SbaAuthAppApplicationTests       : No active profile set, falling back to 1 default profile: "default"
2024-05-21T12:49:42.612Z  INFO 46786 --- [SbaAuthApp] [           main] .s.d.r.c.RepositoryConfigurationDelegate : Bootstrapping Spring Data JDBC repositories in DEFAULT mode.
2024-05-21T12:49:42.646Z  INFO 46786 --- [SbaAuthApp] [           main] .s.d.r.c.RepositoryConfigurationDelegate : Finished Spring Data repository scanning in 26 ms. Found 0 JDBC repository interfaces.
2024-05-21T12:49:45.363Z  INFO 46786 --- [SbaAuthApp] [           main] com.zaxxer.hikari.HikariDataSource       : HikariPool-1 - Starting...
2024-05-21T12:49:45.853Z  INFO 46786 --- [SbaAuthApp] [           main] com.zaxxer.hikari.pool.HikariPool        : HikariPool-1 - Added connection conn0: url=jdbc:h2:mem:46492c9d-bc9e-4f1b-abfc-e4c1bb7e8c30 user=SA
2024-05-21T12:49:45.854Z  INFO 46786 --- [SbaAuthApp] [           main] com.zaxxer.hikari.HikariDataSource       : HikariPool-1 - Start completed.
2024-05-21T12:49:46.334Z  INFO 46786 --- [SbaAuthApp] [           main] c.s.a.S.SbaAuthAppApplicationTests       : Started SbaAuthAppApplicationTests in 5.852 seconds (process running for 8.325)
]]></system-out>
  </testcase>
</testsuite>